# JRE version: OpenJDK Runtime Environment Temurin-21.0.8+9 (21.0.8+9) (build 21.0.8+9-LTS)
# Java VM: OpenJDK 64-Bit Server VM Temurin-21.0.8+9 (21.0.8+9-LTS, mixed mode, sharing, tiered, compressed oops, compressed class ptrs, parallel gc, windows-amd64)
GC Precious Log:
 CardTable entry size: 512
 CPUs: 8 total, 8 available
 Memory: 16235M
 Large Page Support: Disabled
 NUMA Support: Disabled
 Compressed Oops: Enabled (32-bit)
 Alignments: Space 512K, Generation 512K, Heap 2M
 Heap Min Capacity: 100M
 Heap Initial Capacity: 100M
 Heap Max Capacity: 2G
 Pre-touch: Disabled
 Parallel Workers: 8
Heap:
 PSYoungGen      total 3072K, used 2937K [0x00000000d5580000, 0x00000000d5980000, 0x0000000100000000)
  eden space 2560K, 99% used [0x00000000d5580000,0x00000000d57fe460,0x00000000d5800000)
  from space 512K, 75% used [0x00000000d5800000,0x00000000d5860000,0x00000000d5880000)
  to   space 512K, 68% used [0x00000000d5900000,0x00000000d5958000,0x00000000d5980000)
 ParOldGen       total 610304K, used 610278K [0x0000000080000000, 0x00000000a5400000, 0x00000000d5580000)
  object space 610304K, 99% used [0x0000000080000000,0x00000000a53f98b0,0x00000000a5400000)
 Metaspace       used 49761K, committed 51008K, reserved 1114112K
  class space    used 5339K, committed 5824K, reserved 1048576K
GC Heap History (20 events):
Event: 60.243 GC heap before
{Heap before GC invocations=853 (full 2):
 PSYoungGen      total 3584K, used 3568K [0x00000000d5580000, 0x00000000d5e80000, 0x0000000100000000)
  eden space 2560K, 100% used [0x00000000d5580000,0x00000000d5800000,0x00000000d5800000)
  from space 1024K, 98% used [0x00000000d5a80000,0x00000000d5b7c240,0x00000000d5b80000)
  to   space 2560K, 0% used [0x00000000d5800000,0x00000000d5800000,0x00000000d5a80000)
 ParOldGen       total 607232K, used 607162K [0x0000000080000000, 0x00000000a5100000, 0x00000000d5580000)
  object space 607232K, 99% used [0x0000000080000000,0x00000000a50ee9d0,0x00000000a5100000)
 Metaspace       used 49754K, committed 50944K, reserved 1114112K
  class space    used 5339K, committed 5824K, reserved 1048576K
}
Event: 60.246 GC heap after
{Heap after GC invocations=853 (full 2):
 PSYoungGen      total 3072K, used 333K [0x00000000d5580000, 0x00000000d5b00000, 0x0000000100000000)
  eden space 2560K, 0% used [0x00000000d5580000,0x00000000d5580000,0x00000000d5800000)
  from space 512K, 65% used [0x00000000d5800000,0x00000000d5853770,0x00000000d5880000)
  to   space 1536K, 0% used [0x00000000d5980000,0x00000000d5980000,0x00000000d5b00000)
 ParOldGen       total 607744K, used 607290K [0x0000000080000000, 0x00000000a5180000, 0x00000000d5580000)
  object space 607744K, 99% used [0x0000000080000000,0x00000000a510e9d0,0x00000000a5180000)
 Metaspace       used 49754K, committed 50944K, reserved 1114112K
  class space    used 5339K, committed 5824K, reserved 1048576K
}
Event: 60.267 GC heap before
{Heap before GC invocations=854 (full 2):
 PSYoungGen      total 3072K, used 2893K [0x00000000d5580000, 0x00000000d5b00000, 0x0000000100000000)
  eden space 2560K, 100% used [0x00000000d5580000,0x00000000d5800000,0x00000000d5800000)
  from space 512K, 65% used [0x00000000d5800000,0x00000000d5853770,0x00000000d5880000)
  to   space 1536K, 0% used [0x00000000d5980000,0x00000000d5980000,0x00000000d5b00000)
 ParOldGen       total 607744K, used 607290K [0x0000000080000000, 0x00000000a5180000, 0x00000000d5580000)
  object space 607744K, 99% used [0x0000000080000000,0x00000000a510e9d0,0x00000000a5180000)
 Metaspace       used 49754K, committed 50944K, reserved 1114112K
  class space    used 5339K, committed 5824K, reserved 1048576K
}
Event: 60.270 GC heap after
{Heap after GC invocations=854 (full 2):
 PSYoungGen      total 3072K, used 288K [0x00000000d5580000, 0x00000000d5a00000, 0x0000000100000000)
  eden space 2560K, 0% used [0x00000000d5580000,0x00000000d5580000,0x00000000d5800000)
  from space 512K, 56% used [0x00000000d5980000,0x00000000d59c8000,0x00000000d5a00000)
  to   space 512K, 0% used [0x00000000d5800000,0x00000000d5800000,0x00000000d5880000)
 ParOldGen       total 607744K, used 607517K [0x0000000080000000, 0x00000000a5180000, 0x00000000d5580000)
  object space 607744K, 99% used [0x0000000080000000,0x00000000a5147690,0x00000000a5180000)
 Metaspace       used 49754K, committed 50944K, reserved 1114112K
  class space    used 5339K, committed 5824K, reserved 1048576K
}
Event: 60.280 GC heap before
{Heap before GC invocations=855 (full 2):
 PSYoungGen      total 3072K, used 2848K [0x00000000d5580000, 0x00000000d5a00000, 0x0000000100000000)
  eden space 2560K, 100% used [0x00000000d5580000,0x00000000d5800000,0x00000000d5800000)
  from space 512K, 56% used [0x00000000d5980000,0x00000000d59c8000,0x00000000d5a00000)
  to   space 512K, 0% used [0x00000000d5800000,0x00000000d5800000,0x00000000d5880000)
 ParOldGen       total 607744K, used 607517K [0x0000000080000000, 0x00000000a5180000, 0x00000000d5580000)
  object space 607744K, 99% used [0x0000000080000000,0x00000000a5147690,0x00000000a5180000)
 Metaspace       used 49754K, committed 50944K, reserved 1114112K
  class space    used 5339K, committed 5824K, reserved 1048576K
}
Event: 60.282 GC heap after
{Heap after GC invocations=855 (full 2):
 PSYoungGen      total 3072K, used 320K [0x00000000d5580000, 0x00000000d5a00000, 0x0000000100000000)
  eden space 2560K, 0% used [0x00000000d5580000,0x00000000d5580000,0x00000000d5800000)
  from space 512K, 62% used [0x00000000d5800000,0x00000000d5850000,0x00000000d5880000)
  to   space 512K, 0% used [0x00000000d5980000,0x00000000d5980000,0x00000000d5a00000)
 ParOldGen       total 607744K, used 607741K [0x0000000080000000, 0x00000000a5180000, 0x00000000d5580000)
  object space 607744K, 99% used [0x0000000080000000,0x00000000a517f690,0x00000000a5180000)
 Metaspace       used 49754K, committed 50944K, reserved 1114112K
  class space    used 5339K, committed 5824K, reserved 1048576K
}
Event: 60.293 GC heap before
{Heap before GC invocations=856 (full 2):
 PSYoungGen      total 3072K, used 2880K [0x00000000d5580000, 0x00000000d5a00000, 0x0000000100000000)
  eden space 2560K, 100% used [0x00000000d5580000,0x00000000d5800000,0x00000000d5800000)
  from space 512K, 62% used [0x00000000d5800000,0x00000000d5850000,0x00000000d5880000)
  to   space 512K, 0% used [0x00000000d5980000,0x00000000d5980000,0x00000000d5a00000)
 ParOldGen       total 607744K, used 607741K [0x0000000080000000, 0x00000000a5180000, 0x00000000d5580000)
  object space 607744K, 99% used [0x0000000080000000,0x00000000a517f690,0x00000000a5180000)
 Metaspace       used 49754K, committed 50944K, reserved 1114112K
  class space    used 5339K, committed 5824K, reserved 1048576K
}
Event: 60.295 GC heap after
{Heap after GC invocations=856 (full 2):
 PSYoungGen      total 3072K, used 256K [0x00000000d5580000, 0x00000000d5a00000, 0x0000000100000000)
  eden space 2560K, 0% used [0x00000000d5580000,0x00000000d5580000,0x00000000d5800000)
  from space 512K, 50% used [0x00000000d5980000,0x00000000d59c0000,0x00000000d5a00000)
  to   space 512K, 0% used [0x00000000d5800000,0x00000000d5800000,0x00000000d5880000)
 ParOldGen       total 608256K, used 607971K [0x0000000080000000, 0x00000000a5200000, 0x00000000d5580000)
  object space 608256K, 99% used [0x0000000080000000,0x00000000a51b8c98,0x00000000a5200000)
 Metaspace       used 49754K, committed 50944K, reserved 1114112K
  class space    used 5339K, committed 5824K, reserved 1048576K
}
Event: 60.306 GC heap before
{Heap before GC invocations=857 (full 2):
 PSYoungGen      total 3072K, used 2816K [0x00000000d5580000, 0x00000000d5a00000, 0x0000000100000000)
  eden space 2560K, 100% used [0x00000000d5580000,0x00000000d5800000,0x00000000d5800000)
  from space 512K, 50% used [0x00000000d5980000,0x00000000d59c0000,0x00000000d5a00000)
  to   space 512K, 0% used [0x00000000d5800000,0x00000000d5800000,0x00000000d5880000)
 ParOldGen       total 608256K, used 607971K [0x0000000080000000, 0x00000000a5200000, 0x00000000d5580000)
  object space 608256K, 99% used [0x0000000080000000,0x00000000a51b8c98,0x00000000a5200000)
 Metaspace       used 49754K, committed 50944K, reserved 1114112K
  class space    used 5339K, committed 5824K, reserved 1048576K
}
Event: 60.309 GC heap after
{Heap after GC invocations=857 (full 2):
 PSYoungGen      total 3072K, used 384K [0x00000000d5580000, 0x00000000d5a00000, 0x0000000100000000)
  eden space 2560K, 0% used [0x00000000d5580000,0x00000000d5580000,0x00000000d5800000)
  from space 512K, 75% used [0x00000000d5800000,0x00000000d5860000,0x00000000d5880000)
  to   space 512K, 0% used [0x00000000d5980000,0x00000000d5980000,0x00000000d5a00000)
 ParOldGen       total 608256K, used 608163K [0x0000000080000000, 0x00000000a5200000, 0x00000000d5580000)
  object space 608256K, 99% used [0x0000000080000000,0x00000000a51e8c98,0x00000000a5200000)
 Metaspace       used 49754K, committed 50944K, reserved 1114112K
  class space    used 5339K, committed 5824K, reserved 1048576K
}
Event: 60.367 GC heap before
{Heap before GC invocations=858 (full 2):
 PSYoungGen      total 3072K, used 2944K [0x00000000d5580000, 0x00000000d5a00000, 0x0000000100000000)
  eden space 2560K, 100% used [0x00000000d5580000,0x00000000d5800000,0x00000000d5800000)
  from space 512K, 75% used [0x00000000d5800000,0x00000000d5860000,0x00000000d5880000)
  to   space 512K, 0% used [0x00000000d5980000,0x00000000d5980000,0x00000000d5a00000)
 ParOldGen       total 608256K, used 608163K [0x0000000080000000, 0x00000000a5200000, 0x00000000d5580000)
  object space 608256K, 99% used [0x0000000080000000,0x00000000a51e8c98,0x00000000a5200000)
 Metaspace       used 49754K, committed 50944K, reserved 1114112K
  class space    used 5339K, committed 5824K, reserved 1048576K
}
Event: 60.369 GC heap after
{Heap after GC invocations=858 (full 2):
 PSYoungGen      total 3072K, used 320K [0x00000000d5580000, 0x00000000d5a00000, 0x0000000100000000)
  eden space 2560K, 0% used [0x00000000d5580000,0x00000000d5580000,0x00000000d5800000)
  from space 512K, 62% used [0x00000000d5980000,0x00000000d59d0000,0x00000000d5a00000)
  to   space 512K, 0% used [0x00000000d5800000,0x00000000d5800000,0x00000000d5880000)
 ParOldGen       total 608768K, used 608398K [0x0000000080000000, 0x00000000a5280000, 0x00000000d5580000)
  object space 608768K, 99% used [0x0000000080000000,0x00000000a52238a0,0x00000000a5280000)
 Metaspace       used 49754K, committed 50944K, reserved 1114112K
  class space    used 5339K, committed 5824K, reserved 1048576K
}
Event: 60.454 GC heap before
{Heap before GC invocations=859 (full 2):
 PSYoungGen      total 3072K, used 2880K [0x00000000d5580000, 0x00000000d5a00000, 0x0000000100000000)
  eden space 2560K, 100% used [0x00000000d5580000,0x00000000d5800000,0x00000000d5800000)
  from space 512K, 62% used [0x00000000d5980000,0x00000000d59d0000,0x00000000d5a00000)
  to   space 512K, 0% used [0x00000000d5800000,0x00000000d5800000,0x00000000d5880000)
 ParOldGen       total 608768K, used 608398K [0x0000000080000000, 0x00000000a5280000, 0x00000000d5580000)
  object space 608768K, 99% used [0x0000000080000000,0x00000000a52238a0,0x00000000a5280000)
 Metaspace       used 49754K, committed 50944K, reserved 1114112K
  class space    used 5339K, committed 5824K, reserved 1048576K
}
Event: 60.458 GC heap after
{Heap after GC invocations=859 (full 2):
 PSYoungGen      total 3072K, used 331K [0x00000000d5580000, 0x00000000d5a00000, 0x0000000100000000)
  eden space 2560K, 0% used [0x00000000d5580000,0x00000000d5580000,0x00000000d5800000)
  from space 512K, 64% used [0x00000000d5800000,0x00000000d5852f58,0x00000000d5880000)
  to   space 512K, 0% used [0x00000000d5980000,0x00000000d5980000,0x00000000d5a00000)
 ParOldGen       total 608768K, used 608486K [0x0000000080000000, 0x00000000a5280000, 0x00000000d5580000)
  object space 608768K, 99% used [0x0000000080000000,0x00000000a52398a0,0x00000000a5280000)
 Metaspace       used 49754K, committed 50944K, reserved 1114112K
  class space    used 5339K, committed 5824K, reserved 1048576K
}
Event: 60.468 GC heap before
{Heap before GC invocations=860 (full 2):
 PSYoungGen      total 3072K, used 2891K [0x00000000d5580000, 0x00000000d5a00000, 0x0000000100000000)
  eden space 2560K, 100% used [0x00000000d5580000,0x00000000d5800000,0x00000000d5800000)
  from space 512K, 64% used [0x00000000d5800000,0x00000000d5852f58,0x00000000d5880000)
  to   space 512K, 0% used [0x00000000d5980000,0x00000000d5980000,0x00000000d5a00000)
 ParOldGen       total 608768K, used 608486K [0x0000000080000000, 0x00000000a5280000, 0x00000000d5580000)
  object space 608768K, 99% used [0x0000000080000000,0x00000000a52398a0,0x00000000a5280000)
 Metaspace       used 49754K, committed 50944K, reserved 1114112K
  class space    used 5339K, committed 5824K, reserved 1048576K
}
Event: 60.472 GC heap after
{Heap after GC invocations=860 (full 2):
 PSYoungGen      total 3072K, used 192K [0x00000000d5580000, 0x00000000d5a00000, 0x0000000100000000)
  eden space 2560K, 0% used [0x00000000d5580000,0x00000000d5580000,0x00000000d5800000)
  from space 512K, 37% used [0x00000000d5980000,0x00000000d59b0000,0x00000000d5a00000)
  to   space 512K, 0% used [0x00000000d5800000,0x00000000d5800000,0x00000000d5880000)
 ParOldGen       total 608768K, used 608694K [0x0000000080000000, 0x00000000a5280000, 0x00000000d5580000)
  object space 608768K, 99% used [0x0000000080000000,0x00000000a526dac0,0x00000000a5280000)
 Metaspace       used 49754K, committed 50944K, reserved 1114112K
  class space    used 5339K, committed 5824K, reserved 1048576K
}
Event: 60.484 GC heap before
{Heap before GC invocations=861 (full 2):
 PSYoungGen      total 3072K, used 2752K [0x00000000d5580000, 0x00000000d5a00000, 0x0000000100000000)
  eden space 2560K, 100% used [0x00000000d5580000,0x00000000d5800000,0x00000000d5800000)
  from space 512K, 37% used [0x00000000d5980000,0x00000000d59b0000,0x00000000d5a00000)
  to   space 512K, 0% used [0x00000000d5800000,0x00000000d5800000,0x00000000d5880000)
 ParOldGen       total 608768K, used 608694K [0x0000000080000000, 0x00000000a5280000, 0x00000000d5580000)
  object space 608768K, 99% used [0x0000000080000000,0x00000000a526dac0,0x00000000a5280000)
 Metaspace       used 49754K, committed 50944K, reserved 1114112K
  class space    used 5339K, committed 5824K, reserved 1048576K
}
Event: 60.487 GC heap after
{Heap after GC invocations=861 (full 2):
 PSYoungGen      total 3072K, used 480K [0x00000000d5580000, 0x00000000d5a00000, 0x0000000100000000)
  eden space 2560K, 0% used [0x00000000d5580000,0x00000000d5580000,0x00000000d5800000)
  from space 512K, 93% used [0x00000000d5800000,0x00000000d5878000,0x00000000d5880000)
  to   space 1024K, 0% used [0x00000000d5900000,0x00000000d5900000,0x00000000d5a00000)
 ParOldGen       total 609280K, used 608862K [0x0000000080000000, 0x00000000a5300000, 0x00000000d5580000)
  object space 609280K, 99% used [0x0000000080000000,0x00000000a5297ac0,0x00000000a5300000)
 Metaspace       used 49754K, committed 50944K, reserved 1114112K
  class space    used 5339K, committed 5824K, reserved 1048576K
}
Event: 60.568 GC heap before
{Heap before GC invocations=862 (full 2):
 PSYoungGen      total 3072K, used 3040K [0x00000000d5580000, 0x00000000d5a00000, 0x0000000100000000)
  eden space 2560K, 100% used [0x00000000d5580000,0x00000000d5800000,0x00000000d5800000)
  from space 512K, 93% used [0x00000000d5800000,0x00000000d5878000,0x00000000d5880000)
  to   space 1024K, 0% used [0x00000000d5900000,0x00000000d5900000,0x00000000d5a00000)
 ParOldGen       total 609280K, used 608862K [0x0000000080000000, 0x00000000a5300000, 0x00000000d5580000)
  object space 609280K, 99% used [0x0000000080000000,0x00000000a5297ac0,0x00000000a5300000)
 Metaspace       used 49761K, committed 51008K, reserved 1114112K
  class space    used 5339K, committed 5824K, reserved 1048576K
}
Event: 60.572 GC heap after
{Heap after GC invocations=862 (full 2):
 PSYoungGen      total 3072K, used 411K [0x00000000d5580000, 0x00000000d5980000, 0x0000000100000000)
  eden space 2560K, 0% used [0x00000000d5580000,0x00000000d5580000,0x00000000d5800000)
  from space 512K, 80% used [0x00000000d5900000,0x00000000d5966c08,0x00000000d5980000)
  to   space 512K, 0% used [0x00000000d5800000,0x00000000d5800000,0x00000000d5880000)
 ParOldGen       total 609280K, used 609134K [0x0000000080000000, 0x00000000a5300000, 0x00000000d5580000)
  object space 609280K, 99% used [0x0000000080000000,0x00000000a52dbac0,0x00000000a5300000)
 Metaspace       used 49761K, committed 51008K, reserved 1114112K
  class space    used 5339K, committed 5824K, reserved 1048576K
}

