# JRE version: OpenJDK Runtime Environment Temurin-21.0.8+9 (21.0.8+9) (build 21.0.8+9-LTS)
# Java VM: OpenJDK 64-Bit Server VM Temurin-21.0.8+9 (21.0.8+9-LTS, mixed mode, sharing, tiered, compressed oops, compressed class ptrs, parallel gc, windows-amd64)
GC Precious Log:
 CardTable entry size: 512
 CPUs: 8 total, 8 available
 Memory: 16235M
 Large Page Support: Disabled
 NUMA Support: Disabled
 Compressed Oops: Enabled (32-bit)
 Alignments: Space 512K, Generation 512K, Heap 2M
 Heap Min Capacity: 100M
 Heap Initial Capacity: 100M
 Heap Max Capacity: 2G
 Pre-touch: Disabled
 Parallel Workers: 8
Heap:
 PSYoungGen      total 5632K, used 1248K [0x00000000d5580000, 0x00000000d5c80000, 0x0000000100000000)
  eden space 4096K, 0% used [0x00000000d5580000,0x00000000d5580000,0x00000000d5980000)
  from space 1536K, 81% used [0x00000000d5b00000,0x00000000d5c38000,0x00000000d5c80000)
  to   space 1536K, 0% used [0x00000000d5980000,0x00000000d5980000,0x00000000d5b00000)
 ParOldGen       total 715776K, used 715442K [0x0000000080000000, 0x00000000abb00000, 0x00000000d5580000)
  object space 715776K, 99% used [0x0000000080000000,0x00000000abaac850,0x00000000abb00000)
 Metaspace       used 50486K, committed 51648K, reserved 1114112K
  class space    used 5445K, committed 5952K, reserved 1048576K
GC Heap History (20 events):
Event: 32.275 GC heap after
{Heap after GC invocations=1045 (full 2):
 PSYoungGen      total 6144K, used 1749K [0x00000000d5580000, 0x00000000d5f00000, 0x0000000100000000)
  eden space 4096K, 0% used [0x00000000d5580000,0x00000000d5580000,0x00000000d5980000)
  from space 2048K, 85% used [0x00000000d5a80000,0x00000000d5c355e8,0x00000000d5c80000)
  to   space 2048K, 0% used [0x00000000d5d00000,0x00000000d5d00000,0x00000000d5f00000)
 ParOldGen       total 700928K, used 700843K [0x0000000080000000, 0x00000000aac80000, 0x00000000d5580000)
  object space 700928K, 99% used [0x0000000080000000,0x00000000aac6ad88,0x00000000aac80000)
 Metaspace       used 50483K, committed 51648K, reserved 1114112K
  class space    used 5445K, committed 5952K, reserved 1048576K
}
Event: 32.317 GC heap before
{Heap before GC invocations=1046 (full 2):
 PSYoungGen      total 6144K, used 5845K [0x00000000d5580000, 0x00000000d5f00000, 0x0000000100000000)
  eden space 4096K, 100% used [0x00000000d5580000,0x00000000d5980000,0x00000000d5980000)
  from space 2048K, 85% used [0x00000000d5a80000,0x00000000d5c355e8,0x00000000d5c80000)
  to   space 2048K, 0% used [0x00000000d5d00000,0x00000000d5d00000,0x00000000d5f00000)
 ParOldGen       total 700928K, used 700843K [0x0000000080000000, 0x00000000aac80000, 0x00000000d5580000)
  object space 700928K, 99% used [0x0000000080000000,0x00000000aac6ad88,0x00000000aac80000)
 Metaspace       used 50483K, committed 51648K, reserved 1114112K
  class space    used 5445K, committed 5952K, reserved 1048576K
}
Event: 32.321 GC heap after
{Heap after GC invocations=1046 (full 2):
 PSYoungGen      total 5632K, used 1408K [0x00000000d5580000, 0x00000000d5e80000, 0x0000000100000000)
  eden space 4096K, 0% used [0x00000000d5580000,0x00000000d5580000,0x00000000d5980000)
  from space 1536K, 91% used [0x00000000d5d00000,0x00000000d5e60000,0x00000000d5e80000)
  to   space 2048K, 0% used [0x00000000d5a80000,0x00000000d5a80000,0x00000000d5c80000)
 ParOldGen       total 702464K, used 702027K [0x0000000080000000, 0x00000000aae00000, 0x00000000d5580000)
  object space 702464K, 99% used [0x0000000080000000,0x00000000aad92e98,0x00000000aae00000)
 Metaspace       used 50483K, committed 51648K, reserved 1114112K
  class space    used 5445K, committed 5952K, reserved 1048576K
}
Event: 32.365 GC heap before
{Heap before GC invocations=1047 (full 2):
 PSYoungGen      total 5632K, used 5504K [0x00000000d5580000, 0x00000000d5e80000, 0x0000000100000000)
  eden space 4096K, 100% used [0x00000000d5580000,0x00000000d5980000,0x00000000d5980000)
  from space 1536K, 91% used [0x00000000d5d00000,0x00000000d5e60000,0x00000000d5e80000)
  to   space 2048K, 0% used [0x00000000d5a80000,0x00000000d5a80000,0x00000000d5c80000)
 ParOldGen       total 702464K, used 702027K [0x0000000080000000, 0x00000000aae00000, 0x00000000d5580000)
  object space 702464K, 99% used [0x0000000080000000,0x00000000aad92e98,0x00000000aae00000)
 Metaspace       used 50483K, committed 51648K, reserved 1114112K
  class space    used 5445K, committed 5952K, reserved 1048576K
}
Event: 32.369 GC heap after
{Heap after GC invocations=1047 (full 2):
 PSYoungGen      total 5632K, used 1362K [0x00000000d5580000, 0x00000000d5d80000, 0x0000000100000000)
  eden space 4096K, 0% used [0x00000000d5580000,0x00000000d5580000,0x00000000d5980000)
  from space 1536K, 88% used [0x00000000d5a80000,0x00000000d5bd4808,0x00000000d5c00000)
  to   space 1536K, 0% used [0x00000000d5c00000,0x00000000d5c00000,0x00000000d5d80000)
 ParOldGen       total 703488K, used 703315K [0x0000000080000000, 0x00000000aaf00000, 0x00000000d5580000)
  object space 703488K, 99% used [0x0000000080000000,0x00000000aaed4ff8,0x00000000aaf00000)
 Metaspace       used 50483K, committed 51648K, reserved 1114112K
  class space    used 5445K, committed 5952K, reserved 1048576K
}
Event: 32.383 GC heap before
{Heap before GC invocations=1048 (full 2):
 PSYoungGen      total 5632K, used 5447K [0x00000000d5580000, 0x00000000d5d80000, 0x0000000100000000)
  eden space 4096K, 99% used [0x00000000d5580000,0x00000000d597d400,0x00000000d5980000)
  from space 1536K, 88% used [0x00000000d5a80000,0x00000000d5bd4808,0x00000000d5c00000)
  to   space 1536K, 0% used [0x00000000d5c00000,0x00000000d5c00000,0x00000000d5d80000)
 ParOldGen       total 703488K, used 703315K [0x0000000080000000, 0x00000000aaf00000, 0x00000000d5580000)
  object space 703488K, 99% used [0x0000000080000000,0x00000000aaed4ff8,0x00000000aaf00000)
 Metaspace       used 50483K, committed 51648K, reserved 1114112K
  class space    used 5445K, committed 5952K, reserved 1048576K
}
Event: 32.387 GC heap after
{Heap after GC invocations=1048 (full 2):
 PSYoungGen      total 4608K, used 1505K [0x00000000d5580000, 0x00000000d6080000, 0x0000000100000000)
  eden space 3072K, 0% used [0x00000000d5580000,0x00000000d5580000,0x00000000d5880000)
  from space 1536K, 98% used [0x00000000d5c00000,0x00000000d5d78520,0x00000000d5d80000)
  to   space 3584K, 0% used [0x00000000d5880000,0x00000000d5880000,0x00000000d5c00000)
 ParOldGen       total 705024K, used 704862K [0x0000000080000000, 0x00000000ab080000, 0x00000000d5580000)
  object space 705024K, 99% used [0x0000000080000000,0x00000000ab057890,0x00000000ab080000)
 Metaspace       used 50483K, committed 51648K, reserved 1114112K
  class space    used 5445K, committed 5952K, reserved 1048576K
}
Event: 32.428 GC heap before
{Heap before GC invocations=1049 (full 2):
 PSYoungGen      total 4608K, used 4577K [0x00000000d5580000, 0x00000000d6080000, 0x0000000100000000)
  eden space 3072K, 100% used [0x00000000d5580000,0x00000000d5880000,0x00000000d5880000)
  from space 1536K, 98% used [0x00000000d5c00000,0x00000000d5d78520,0x00000000d5d80000)
  to   space 3584K, 0% used [0x00000000d5880000,0x00000000d5880000,0x00000000d5c00000)
 ParOldGen       total 705024K, used 704862K [0x0000000080000000, 0x00000000ab080000, 0x00000000d5580000)
  object space 705024K, 99% used [0x0000000080000000,0x00000000ab057890,0x00000000ab080000)
 Metaspace       used 50484K, committed 51648K, reserved 1114112K
  class space    used 5445K, committed 5952K, reserved 1048576K
}
Event: 32.431 GC heap after
{Heap after GC invocations=1049 (full 2):
 PSYoungGen      total 4096K, used 968K [0x00000000d5580000, 0x00000000d5c80000, 0x0000000100000000)
  eden space 3072K, 0% used [0x00000000d5580000,0x00000000d5580000,0x00000000d5880000)
  from space 1024K, 94% used [0x00000000d5880000,0x00000000d5972018,0x00000000d5980000)
  to   space 2048K, 0% used [0x00000000d5a80000,0x00000000d5a80000,0x00000000d5c80000)
 ParOldGen       total 706560K, used 706228K [0x0000000080000000, 0x00000000ab200000, 0x00000000d5580000)
  object space 706560K, 99% used [0x0000000080000000,0x00000000ab1ad070,0x00000000ab200000)
 Metaspace       used 50484K, committed 51648K, reserved 1114112K
  class space    used 5445K, committed 5952K, reserved 1048576K
}
Event: 32.443 GC heap before
{Heap before GC invocations=1050 (full 2):
 PSYoungGen      total 4096K, used 4040K [0x00000000d5580000, 0x00000000d5c80000, 0x0000000100000000)
  eden space 3072K, 100% used [0x00000000d5580000,0x00000000d5880000,0x00000000d5880000)
  from space 1024K, 94% used [0x00000000d5880000,0x00000000d5972018,0x00000000d5980000)
  to   space 2048K, 0% used [0x00000000d5a80000,0x00000000d5a80000,0x00000000d5c80000)
 ParOldGen       total 706560K, used 706228K [0x0000000080000000, 0x00000000ab200000, 0x00000000d5580000)
  object space 706560K, 99% used [0x0000000080000000,0x00000000ab1ad070,0x00000000ab200000)
 Metaspace       used 50484K, committed 51648K, reserved 1114112K
  class space    used 5445K, committed 5952K, reserved 1048576K
}
Event: 32.447 GC heap after
{Heap after GC invocations=1050 (full 2):
 PSYoungGen      total 5120K, used 1656K [0x00000000d5580000, 0x00000000d5c80000, 0x0000000100000000)
  eden space 3072K, 0% used [0x00000000d5580000,0x00000000d5580000,0x00000000d5880000)
  from space 2048K, 80% used [0x00000000d5a80000,0x00000000d5c1e3f8,0x00000000d5c80000)
  to   space 2048K, 0% used [0x00000000d5880000,0x00000000d5880000,0x00000000d5a80000)
 ParOldGen       total 707072K, used 707047K [0x0000000080000000, 0x00000000ab280000, 0x00000000d5580000)
  object space 707072K, 99% used [0x0000000080000000,0x00000000ab279f48,0x00000000ab280000)
 Metaspace       used 50484K, committed 51648K, reserved 1114112K
  class space    used 5445K, committed 5952K, reserved 1048576K
}
Event: 32.458 GC heap before
{Heap before GC invocations=1051 (full 2):
 PSYoungGen      total 5120K, used 4728K [0x00000000d5580000, 0x00000000d5c80000, 0x0000000100000000)
  eden space 3072K, 100% used [0x00000000d5580000,0x00000000d5880000,0x00000000d5880000)
  from space 2048K, 80% used [0x00000000d5a80000,0x00000000d5c1e3f8,0x00000000d5c80000)
  to   space 2048K, 0% used [0x00000000d5880000,0x00000000d5880000,0x00000000d5a80000)
 ParOldGen       total 707072K, used 707047K [0x0000000080000000, 0x00000000ab280000, 0x00000000d5580000)
  object space 707072K, 99% used [0x0000000080000000,0x00000000ab279f48,0x00000000ab280000)
 Metaspace       used 50484K, committed 51648K, reserved 1114112K
  class space    used 5445K, committed 5952K, reserved 1048576K
}
Event: 32.463 GC heap after
{Heap after GC invocations=1051 (full 2):
 PSYoungGen      total 5120K, used 2023K [0x00000000d5580000, 0x00000000d6180000, 0x0000000100000000)
  eden space 3072K, 0% used [0x00000000d5580000,0x00000000d5580000,0x00000000d5880000)
  from space 2048K, 98% used [0x00000000d5880000,0x00000000d5a79c40,0x00000000d5a80000)
  to   space 4608K, 0% used [0x00000000d5d00000,0x00000000d5d00000,0x00000000d6180000)
 ParOldGen       total 709120K, used 708966K [0x0000000080000000, 0x00000000ab480000, 0x00000000d5580000)
  object space 709120K, 99% used [0x0000000080000000,0x00000000ab459980,0x00000000ab480000)
 Metaspace       used 50484K, committed 51648K, reserved 1114112K
  class space    used 5445K, committed 5952K, reserved 1048576K
}
Event: 32.503 GC heap before
{Heap before GC invocations=1052 (full 2):
 PSYoungGen      total 5120K, used 5095K [0x00000000d5580000, 0x00000000d6180000, 0x0000000100000000)
  eden space 3072K, 100% used [0x00000000d5580000,0x00000000d5880000,0x00000000d5880000)
  from space 2048K, 98% used [0x00000000d5880000,0x00000000d5a79c40,0x00000000d5a80000)
  to   space 4608K, 0% used [0x00000000d5d00000,0x00000000d5d00000,0x00000000d6180000)
 ParOldGen       total 709120K, used 708966K [0x0000000080000000, 0x00000000ab480000, 0x00000000d5580000)
  object space 709120K, 99% used [0x0000000080000000,0x00000000ab459980,0x00000000ab480000)
 Metaspace       used 50485K, committed 51648K, reserved 1114112K
  class space    used 5445K, committed 5952K, reserved 1048576K
}
Event: 32.507 GC heap after
{Heap after GC invocations=1052 (full 2):
 PSYoungGen      total 4608K, used 1212K [0x00000000d5580000, 0x00000000d5e80000, 0x0000000100000000)
  eden space 3072K, 0% used [0x00000000d5580000,0x00000000d5580000,0x00000000d5880000)
  from space 1536K, 78% used [0x00000000d5d00000,0x00000000d5e2f200,0x00000000d5e80000)
  to   space 2560K, 0% used [0x00000000d5980000,0x00000000d5980000,0x00000000d5c00000)
 ParOldGen       total 711168K, used 710962K [0x0000000080000000, 0x00000000ab680000, 0x00000000d5580000)
  object space 711168K, 99% used [0x0000000080000000,0x00000000ab64c9c0,0x00000000ab680000)
 Metaspace       used 50485K, committed 51648K, reserved 1114112K
  class space    used 5445K, committed 5952K, reserved 1048576K
}
Event: 32.543 GC heap before
{Heap before GC invocations=1053 (full 2):
 PSYoungGen      total 4608K, used 4284K [0x00000000d5580000, 0x00000000d5e80000, 0x0000000100000000)
  eden space 3072K, 100% used [0x00000000d5580000,0x00000000d5880000,0x00000000d5880000)
  from space 1536K, 78% used [0x00000000d5d00000,0x00000000d5e2f200,0x00000000d5e80000)
  to   space 2560K, 0% used [0x00000000d5980000,0x00000000d5980000,0x00000000d5c00000)
 ParOldGen       total 711168K, used 710962K [0x0000000080000000, 0x00000000ab680000, 0x00000000d5580000)
  object space 711168K, 99% used [0x0000000080000000,0x00000000ab64c9c0,0x00000000ab680000)
 Metaspace       used 50486K, committed 51648K, reserved 1114112K
  class space    used 5445K, committed 5952K, reserved 1048576K
}
Event: 32.547 GC heap after
{Heap after GC invocations=1053 (full 2):
 PSYoungGen      total 5120K, used 1707K [0x00000000d5580000, 0x00000000d5d80000, 0x0000000100000000)
  eden space 3072K, 0% used [0x00000000d5580000,0x00000000d5580000,0x00000000d5880000)
  from space 2048K, 83% used [0x00000000d5980000,0x00000000d5b2ae08,0x00000000d5b80000)
  to   space 2048K, 0% used [0x00000000d5b80000,0x00000000d5b80000,0x00000000d5d80000)
 ParOldGen       total 712192K, used 712026K [0x0000000080000000, 0x00000000ab780000, 0x00000000d5580000)
  object space 712192K, 99% used [0x0000000080000000,0x00000000ab756ad8,0x00000000ab780000)
 Metaspace       used 50486K, committed 51648K, reserved 1114112K
  class space    used 5445K, committed 5952K, reserved 1048576K
}
Event: 32.578 GC heap before
{Heap before GC invocations=1054 (full 2):
 PSYoungGen      total 5120K, used 4779K [0x00000000d5580000, 0x00000000d5d80000, 0x0000000100000000)
  eden space 3072K, 100% used [0x00000000d5580000,0x00000000d5880000,0x00000000d5880000)
  from space 2048K, 83% used [0x00000000d5980000,0x00000000d5b2ae08,0x00000000d5b80000)
  to   space 2048K, 0% used [0x00000000d5b80000,0x00000000d5b80000,0x00000000d5d80000)
 ParOldGen       total 712192K, used 712026K [0x0000000080000000, 0x00000000ab780000, 0x00000000d5580000)
  object space 712192K, 99% used [0x0000000080000000,0x00000000ab756ad8,0x00000000ab780000)
 Metaspace       used 50486K, committed 51648K, reserved 1114112K
  class space    used 5445K, committed 5952K, reserved 1048576K
}
Event: 32.583 GC heap after
{Heap after GC invocations=1054 (full 2):
 PSYoungGen      total 5120K, used 1764K [0x00000000d5580000, 0x00000000d5d80000, 0x0000000100000000)
  eden space 3072K, 0% used [0x00000000d5580000,0x00000000d5580000,0x00000000d5880000)
  from space 2048K, 86% used [0x00000000d5b80000,0x00000000d5d39008,0x00000000d5d80000)
  to   space 2048K, 0% used [0x00000000d5980000,0x00000000d5980000,0x00000000d5b80000)
 ParOldGen       total 713728K, used 713332K [0x0000000080000000, 0x00000000ab900000, 0x00000000d5580000)
  object space 713728K, 99% used [0x0000000080000000,0x00000000ab89d010,0x00000000ab900000)
 Metaspace       used 50486K, committed 51648K, reserved 1114112K
  class space    used 5445K, committed 5952K, reserved 1048576K
}
Event: 32.632 GC heap before
{Heap before GC invocations=1055 (full 2):
 PSYoungGen      total 5120K, used 4836K [0x00000000d5580000, 0x00000000d5d80000, 0x0000000100000000)
  eden space 3072K, 100% used [0x00000000d5580000,0x00000000d5880000,0x00000000d5880000)
  from space 2048K, 86% used [0x00000000d5b80000,0x00000000d5d39008,0x00000000d5d80000)
  to   space 2048K, 0% used [0x00000000d5980000,0x00000000d5980000,0x00000000d5b80000)
 ParOldGen       total 713728K, used 713332K [0x0000000080000000, 0x00000000ab900000, 0x00000000d5580000)
  object space 713728K, 99% used [0x0000000080000000,0x00000000ab89d010,0x00000000ab900000)
 Metaspace       used 50486K, committed 51648K, reserved 1114112K
  class space    used 5445K, committed 5952K, reserved 1048576K
}

