# JRE version: OpenJDK Runtime Environment Temurin-21.0.8+9 (21.0.8+9) (build 21.0.8+9-LTS)
# Java VM: OpenJDK 64-Bit Server VM Temurin-21.0.8+9 (21.0.8+9-LTS, mixed mode, sharing, tiered, compressed oops, compressed class ptrs, parallel gc, windows-amd64)
GC Precious Log:
 CardTable entry size: 512
 CPUs: 8 total, 8 available
 Memory: 16235M
 Large Page Support: Disabled
 NUMA Support: Disabled
 Compressed Oops: Enabled (32-bit)
 Alignments: Space 512K, Generation 512K, Heap 2M
 Heap Min Capacity: 100M
 Heap Initial Capacity: 100M
 Heap Max Capacity: 2G
 Pre-touch: Disabled
 Parallel Workers: 8
Heap:
 PSYoungGen      total 2560K, used 1308K [0x00000000d5580000, 0x00000000d5900000, 0x0000000100000000)
  eden space 2048K, 43% used [0x00000000d5580000,0x00000000d565f348,0x00000000d5780000)
  from space 512K, 81% used [0x00000000d5800000,0x00000000d5868000,0x00000000d5880000)
  to   space 512K, 0% used [0x00000000d5880000,0x00000000d5880000,0x00000000d5900000)
 ParOldGen       total 724480K, used 264131K [0x0000000080000000, 0x00000000ac380000, 0x00000000d5580000)
  object space 724480K, 36% used [0x0000000080000000,0x00000000901f0ee8,0x00000000ac380000)
 Metaspace       used 77132K, committed 78848K, reserved 1179648K
  class space    used 9571K, committed 10304K, reserved 1048576K
GC Heap History (20 events):
Event: 113.047 GC heap before
{Heap before GC invocations=1107 (full 3):
 PSYoungGen      total 2560K, used 2451K [0x00000000d5580000, 0x00000000d5900000, 0x0000000100000000)
  eden space 2048K, 99% used [0x00000000d5580000,0x00000000d577cf38,0x00000000d5780000)
  from space 512K, 81% used [0x00000000d5800000,0x00000000d5868000,0x00000000d5880000)
  to   space 512K, 0% used [0x00000000d5880000,0x00000000d5880000,0x00000000d5900000)
 ParOldGen       total 724480K, used 259795K [0x0000000080000000, 0x00000000ac380000, 0x00000000d5580000)
  object space 724480K, 35% used [0x0000000080000000,0x000000008fdb4f90,0x00000000ac380000)
 Metaspace       used 76521K, committed 78208K, reserved 1179648K
  class space    used 9497K, committed 10240K, reserved 1048576K
}
Event: 113.049 GC heap after
{Heap after GC invocations=1107 (full 3):
 PSYoungGen      total 2560K, used 512K [0x00000000d5580000, 0x00000000d5980000, 0x0000000100000000)
  eden space 2048K, 0% used [0x00000000d5580000,0x00000000d5580000,0x00000000d5780000)
  from space 512K, 100% used [0x00000000d5880000,0x00000000d5900000,0x00000000d5900000)
  to   space 1024K, 0% used [0x00000000d5780000,0x00000000d5780000,0x00000000d5880000)
 ParOldGen       total 724480K, used 260091K [0x0000000080000000, 0x00000000ac380000, 0x00000000d5580000)
  object space 724480K, 35% used [0x0000000080000000,0x000000008fdfef90,0x00000000ac380000)
 Metaspace       used 76521K, committed 78208K, reserved 1179648K
  class space    used 9497K, committed 10240K, reserved 1048576K
}
Event: 113.074 GC heap before
{Heap before GC invocations=1108 (full 3):
 PSYoungGen      total 2560K, used 2560K [0x00000000d5580000, 0x00000000d5980000, 0x0000000100000000)
  eden space 2048K, 100% used [0x00000000d5580000,0x00000000d5780000,0x00000000d5780000)
  from space 512K, 100% used [0x00000000d5880000,0x00000000d5900000,0x00000000d5900000)
  to   space 1024K, 0% used [0x00000000d5780000,0x00000000d5780000,0x00000000d5880000)
 ParOldGen       total 724480K, used 260091K [0x0000000080000000, 0x00000000ac380000, 0x00000000d5580000)
  object space 724480K, 35% used [0x0000000080000000,0x000000008fdfef90,0x00000000ac380000)
 Metaspace       used 76538K, committed 78208K, reserved 1179648K
  class space    used 9498K, committed 10240K, reserved 1048576K
}
Event: 113.075 GC heap after
{Heap after GC invocations=1108 (full 3):
 PSYoungGen      total 3072K, used 544K [0x00000000d5580000, 0x00000000d5980000, 0x0000000100000000)
  eden space 2048K, 0% used [0x00000000d5580000,0x00000000d5580000,0x00000000d5780000)
  from space 1024K, 53% used [0x00000000d5780000,0x00000000d5808020,0x00000000d5880000)
  to   space 1024K, 0% used [0x00000000d5880000,0x00000000d5880000,0x00000000d5980000)
 ParOldGen       total 724480K, used 260451K [0x0000000080000000, 0x00000000ac380000, 0x00000000d5580000)
  object space 724480K, 35% used [0x0000000080000000,0x000000008fe58fa0,0x00000000ac380000)
 Metaspace       used 76538K, committed 78208K, reserved 1179648K
  class space    used 9498K, committed 10240K, reserved 1048576K
}
Event: 113.105 GC heap before
{Heap before GC invocations=1109 (full 3):
 PSYoungGen      total 3072K, used 2592K [0x00000000d5580000, 0x00000000d5980000, 0x0000000100000000)
  eden space 2048K, 100% used [0x00000000d5580000,0x00000000d5780000,0x00000000d5780000)
  from space 1024K, 53% used [0x00000000d5780000,0x00000000d5808020,0x00000000d5880000)
  to   space 1024K, 0% used [0x00000000d5880000,0x00000000d5880000,0x00000000d5980000)
 ParOldGen       total 724480K, used 260451K [0x0000000080000000, 0x00000000ac380000, 0x00000000d5580000)
  object space 724480K, 35% used [0x0000000080000000,0x000000008fe58fa0,0x00000000ac380000)
 Metaspace       used 76566K, committed 78272K, reserved 1179648K
  class space    used 9498K, committed 10240K, reserved 1048576K
}
Event: 113.107 GC heap after
{Heap after GC invocations=1109 (full 3):
 PSYoungGen      total 2560K, used 352K [0x00000000d5580000, 0x00000000d5900000, 0x0000000100000000)
  eden space 2048K, 0% used [0x00000000d5580000,0x00000000d5580000,0x00000000d5780000)
  from space 512K, 68% used [0x00000000d5880000,0x00000000d58d8000,0x00000000d5900000)
  to   space 512K, 0% used [0x00000000d5800000,0x00000000d5800000,0x00000000d5880000)
 ParOldGen       total 724480K, used 260835K [0x0000000080000000, 0x00000000ac380000, 0x00000000d5580000)
  object space 724480K, 36% used [0x0000000080000000,0x000000008feb8fc0,0x00000000ac380000)
 Metaspace       used 76566K, committed 78272K, reserved 1179648K
  class space    used 9498K, committed 10240K, reserved 1048576K
}
Event: 113.148 GC heap before
{Heap before GC invocations=1110 (full 3):
 PSYoungGen      total 2560K, used 2399K [0x00000000d5580000, 0x00000000d5900000, 0x0000000100000000)
  eden space 2048K, 99% used [0x00000000d5580000,0x00000000d577ff98,0x00000000d5780000)
  from space 512K, 68% used [0x00000000d5880000,0x00000000d58d8000,0x00000000d5900000)
  to   space 512K, 0% used [0x00000000d5800000,0x00000000d5800000,0x00000000d5880000)
 ParOldGen       total 724480K, used 260835K [0x0000000080000000, 0x00000000ac380000, 0x00000000d5580000)
  object space 724480K, 36% used [0x0000000080000000,0x000000008feb8fc0,0x00000000ac380000)
 Metaspace       used 76568K, committed 78272K, reserved 1179648K
  class space    used 9498K, committed 10240K, reserved 1048576K
}
Event: 113.149 GC heap after
{Heap after GC invocations=1110 (full 3):
 PSYoungGen      total 2560K, used 352K [0x00000000d5580000, 0x00000000d5900000, 0x0000000100000000)
  eden space 2048K, 0% used [0x00000000d5580000,0x00000000d5580000,0x00000000d5780000)
  from space 512K, 68% used [0x00000000d5800000,0x00000000d5858000,0x00000000d5880000)
  to   space 512K, 0% used [0x00000000d5880000,0x00000000d5880000,0x00000000d5900000)
 ParOldGen       total 724480K, used 261027K [0x0000000080000000, 0x00000000ac380000, 0x00000000d5580000)
  object space 724480K, 36% used [0x0000000080000000,0x000000008fee8fc0,0x00000000ac380000)
 Metaspace       used 76568K, committed 78272K, reserved 1179648K
  class space    used 9498K, committed 10240K, reserved 1048576K
}
Event: 113.158 GC heap before
{Heap before GC invocations=1111 (full 3):
 PSYoungGen      total 2560K, used 1949K [0x00000000d5580000, 0x00000000d5900000, 0x0000000100000000)
  eden space 2048K, 77% used [0x00000000d5580000,0x00000000d570f5a8,0x00000000d5780000)
  from space 512K, 68% used [0x00000000d5800000,0x00000000d5858000,0x00000000d5880000)
  to   space 512K, 0% used [0x00000000d5880000,0x00000000d5880000,0x00000000d5900000)
 ParOldGen       total 724480K, used 261027K [0x0000000080000000, 0x00000000ac380000, 0x00000000d5580000)
  object space 724480K, 36% used [0x0000000080000000,0x000000008fee8fc0,0x00000000ac380000)
 Metaspace       used 76568K, committed 78272K, reserved 1179648K
  class space    used 9498K, committed 10240K, reserved 1048576K
}
Event: 113.159 GC heap after
{Heap after GC invocations=1111 (full 3):
 PSYoungGen      total 2560K, used 320K [0x00000000d5580000, 0x00000000d5900000, 0x0000000100000000)
  eden space 2048K, 0% used [0x00000000d5580000,0x00000000d5580000,0x00000000d5780000)
  from space 512K, 62% used [0x00000000d5880000,0x00000000d58d0000,0x00000000d5900000)
  to   space 512K, 0% used [0x00000000d5800000,0x00000000d5800000,0x00000000d5880000)
 ParOldGen       total 724480K, used 261251K [0x0000000080000000, 0x00000000ac380000, 0x00000000d5580000)
  object space 724480K, 36% used [0x0000000080000000,0x000000008ff20fc0,0x00000000ac380000)
 Metaspace       used 76568K, committed 78272K, reserved 1179648K
  class space    used 9498K, committed 10240K, reserved 1048576K
}
Event: 113.166 GC heap before
{Heap before GC invocations=1112 (full 3):
 PSYoungGen      total 2560K, used 2368K [0x00000000d5580000, 0x00000000d5900000, 0x0000000100000000)
  eden space 2048K, 100% used [0x00000000d5580000,0x00000000d5780000,0x00000000d5780000)
  from space 512K, 62% used [0x00000000d5880000,0x00000000d58d0000,0x00000000d5900000)
  to   space 512K, 0% used [0x00000000d5800000,0x00000000d5800000,0x00000000d5880000)
 ParOldGen       total 724480K, used 261251K [0x0000000080000000, 0x00000000ac380000, 0x00000000d5580000)
  object space 724480K, 36% used [0x0000000080000000,0x000000008ff20fc0,0x00000000ac380000)
 Metaspace       used 76580K, committed 78272K, reserved 1179648K
  class space    used 9500K, committed 10240K, reserved 1048576K
}
Event: 113.169 GC heap after
{Heap after GC invocations=1112 (full 3):
 PSYoungGen      total 2560K, used 462K [0x00000000d5580000, 0x00000000d5900000, 0x0000000100000000)
  eden space 2048K, 0% used [0x00000000d5580000,0x00000000d5580000,0x00000000d5780000)
  from space 512K, 90% used [0x00000000d5800000,0x00000000d58738d8,0x00000000d5880000)
  to   space 512K, 0% used [0x00000000d5880000,0x00000000d5880000,0x00000000d5900000)
 ParOldGen       total 724480K, used 262297K [0x0000000080000000, 0x00000000ac380000, 0x00000000d5580000)
  object space 724480K, 36% used [0x0000000080000000,0x00000000900264d0,0x00000000ac380000)
 Metaspace       used 76580K, committed 78272K, reserved 1179648K
  class space    used 9500K, committed 10240K, reserved 1048576K
}
Event: 113.183 GC heap before
{Heap before GC invocations=1113 (full 3):
 PSYoungGen      total 2560K, used 2510K [0x00000000d5580000, 0x00000000d5900000, 0x0000000100000000)
  eden space 2048K, 100% used [0x00000000d5580000,0x00000000d5780000,0x00000000d5780000)
  from space 512K, 90% used [0x00000000d5800000,0x00000000d58738d8,0x00000000d5880000)
  to   space 512K, 0% used [0x00000000d5880000,0x00000000d5880000,0x00000000d5900000)
 ParOldGen       total 724480K, used 262297K [0x0000000080000000, 0x00000000ac380000, 0x00000000d5580000)
  object space 724480K, 36% used [0x0000000080000000,0x00000000900264d0,0x00000000ac380000)
 Metaspace       used 76694K, committed 78400K, reserved 1179648K
  class space    used 9508K, committed 10240K, reserved 1048576K
}
Event: 113.185 GC heap after
{Heap after GC invocations=1113 (full 3):
 PSYoungGen      total 2560K, used 384K [0x00000000d5580000, 0x00000000d5900000, 0x0000000100000000)
  eden space 2048K, 0% used [0x00000000d5580000,0x00000000d5580000,0x00000000d5780000)
  from space 512K, 75% used [0x00000000d5880000,0x00000000d58e0000,0x00000000d5900000)
  to   space 512K, 0% used [0x00000000d5800000,0x00000000d5800000,0x00000000d5880000)
 ParOldGen       total 724480K, used 262457K [0x0000000080000000, 0x00000000ac380000, 0x00000000d5580000)
  object space 724480K, 36% used [0x0000000080000000,0x000000009004e4d0,0x00000000ac380000)
 Metaspace       used 76694K, committed 78400K, reserved 1179648K
  class space    used 9508K, committed 10240K, reserved 1048576K
}
Event: 113.209 GC heap before
{Heap before GC invocations=1114 (full 3):
 PSYoungGen      total 2560K, used 2425K [0x00000000d5580000, 0x00000000d5900000, 0x0000000100000000)
  eden space 2048K, 99% used [0x00000000d5580000,0x00000000d577e5b0,0x00000000d5780000)
  from space 512K, 75% used [0x00000000d5880000,0x00000000d58e0000,0x00000000d5900000)
  to   space 512K, 0% used [0x00000000d5800000,0x00000000d5800000,0x00000000d5880000)
 ParOldGen       total 724480K, used 262457K [0x0000000080000000, 0x00000000ac380000, 0x00000000d5580000)
  object space 724480K, 36% used [0x0000000080000000,0x000000009004e4d0,0x00000000ac380000)
 Metaspace       used 76822K, committed 78528K, reserved 1179648K
  class space    used 9524K, committed 10240K, reserved 1048576K
}
Event: 113.211 GC heap after
{Heap after GC invocations=1114 (full 3):
 PSYoungGen      total 2560K, used 320K [0x00000000d5580000, 0x00000000d5900000, 0x0000000100000000)
  eden space 2048K, 0% used [0x00000000d5580000,0x00000000d5580000,0x00000000d5780000)
  from space 512K, 62% used [0x00000000d5800000,0x00000000d5850000,0x00000000d5880000)
  to   space 512K, 0% used [0x00000000d5880000,0x00000000d5880000,0x00000000d5900000)
 ParOldGen       total 724480K, used 262729K [0x0000000080000000, 0x00000000ac380000, 0x00000000d5580000)
  object space 724480K, 36% used [0x0000000080000000,0x00000000900924d0,0x00000000ac380000)
 Metaspace       used 76822K, committed 78528K, reserved 1179648K
  class space    used 9524K, committed 10240K, reserved 1048576K
}
Event: 113.224 GC heap before
{Heap before GC invocations=1115 (full 3):
 PSYoungGen      total 2560K, used 2368K [0x00000000d5580000, 0x00000000d5900000, 0x0000000100000000)
  eden space 2048K, 100% used [0x00000000d5580000,0x00000000d5780000,0x00000000d5780000)
  from space 512K, 62% used [0x00000000d5800000,0x00000000d5850000,0x00000000d5880000)
  to   space 512K, 0% used [0x00000000d5880000,0x00000000d5880000,0x00000000d5900000)
 ParOldGen       total 724480K, used 262729K [0x0000000080000000, 0x00000000ac380000, 0x00000000d5580000)
  object space 724480K, 36% used [0x0000000080000000,0x00000000900924d0,0x00000000ac380000)
 Metaspace       used 76887K, committed 78592K, reserved 1179648K
  class space    used 9533K, committed 10304K, reserved 1048576K
}
Event: 113.226 GC heap after
{Heap after GC invocations=1115 (full 3):
 PSYoungGen      total 2560K, used 352K [0x00000000d5580000, 0x00000000d5900000, 0x0000000100000000)
  eden space 2048K, 0% used [0x00000000d5580000,0x00000000d5580000,0x00000000d5780000)
  from space 512K, 68% used [0x00000000d5880000,0x00000000d58d8000,0x00000000d5900000)
  to   space 512K, 0% used [0x00000000d5800000,0x00000000d5800000,0x00000000d5880000)
 ParOldGen       total 724480K, used 262929K [0x0000000080000000, 0x00000000ac380000, 0x00000000d5580000)
  object space 724480K, 36% used [0x0000000080000000,0x00000000900c4680,0x00000000ac380000)
 Metaspace       used 76887K, committed 78592K, reserved 1179648K
  class space    used 9533K, committed 10304K, reserved 1048576K
}
Event: 113.246 GC heap before
{Heap before GC invocations=1116 (full 3):
 PSYoungGen      total 2560K, used 2400K [0x00000000d5580000, 0x00000000d5900000, 0x0000000100000000)
  eden space 2048K, 100% used [0x00000000d5580000,0x00000000d5780000,0x00000000d5780000)
  from space 512K, 68% used [0x00000000d5880000,0x00000000d58d8000,0x00000000d5900000)
  to   space 512K, 0% used [0x00000000d5800000,0x00000000d5800000,0x00000000d5880000)
 ParOldGen       total 724480K, used 262929K [0x0000000080000000, 0x00000000ac380000, 0x00000000d5580000)
  object space 724480K, 36% used [0x0000000080000000,0x00000000900c4680,0x00000000ac380000)
 Metaspace       used 76952K, committed 78656K, reserved 1179648K
  class space    used 9545K, committed 10304K, reserved 1048576K
}
Event: 113.248 GC heap after
{Heap after GC invocations=1116 (full 3):
 PSYoungGen      total 2560K, used 454K [0x00000000d5580000, 0x00000000d5900000, 0x0000000100000000)
  eden space 2048K, 0% used [0x00000000d5580000,0x00000000d5580000,0x00000000d5780000)
  from space 512K, 88% used [0x00000000d5800000,0x00000000d58718b0,0x00000000d5880000)
  to   space 512K, 0% used [0x00000000d5880000,0x00000000d5880000,0x00000000d5900000)
 ParOldGen       total 724480K, used 263193K [0x0000000080000000, 0x00000000ac380000, 0x00000000d5580000)
  object space 724480K, 36% used [0x0000000080000000,0x0000000090106680,0x00000000ac380000)
 Metaspace       used 76952K, committed 78656K, reserved 1179648K
  class space    used 9545K, committed 10304K, reserved 1048576K
}

