# JRE version: OpenJDK Runtime Environment Temurin-21.0.8+9 (21.0.8+9) (build 21.0.8+9-LTS)
# Java VM: OpenJDK 64-Bit Server VM Temurin-21.0.8+9 (21.0.8+9-LTS, mixed mode, sharing, tiered, compressed oops, compressed class ptrs, parallel gc, windows-amd64)
GC Precious Log:
 CardTable entry size: 512
 CPUs: 8 total, 8 available
 Memory: 16235M
 Large Page Support: Disabled
 NUMA Support: Disabled
 Compressed Oops: Enabled (32-bit)
 Alignments: Space 512K, Generation 512K, Heap 2M
 Heap Min Capacity: 100M
 Heap Initial Capacity: 100M
 Heap Max Capacity: 2G
 Pre-touch: Disabled
 Parallel Workers: 8
Heap:
 PSYoungGen      total 12288K, used 10607K [0x00000000d5580000, 0x00000000d6480000, 0x0000000100000000)
  eden space 11264K, 85% used [0x00000000d5580000,0x00000000d5ede540,0x00000000d6080000)
  from space 1024K, 99% used [0x00000000d6100000,0x00000000d61fd808,0x00000000d6200000)
  to   space 2048K, 0% used [0x00000000d6280000,0x00000000d6280000,0x00000000d6480000)
 ParOldGen       total 420864K, used 420773K [0x0000000080000000, 0x0000000099b00000, 0x00000000d5580000)
  object space 420864K, 99% used [0x0000000080000000,0x0000000099ae9458,0x0000000099b00000)
 Metaspace       used 49765K, committed 50944K, reserved 1114112K
  class space    used 5329K, committed 5824K, reserved 1048576K
GC Heap History (20 events):
Event: 38.792 GC heap after
{Heap after GC invocations=241 (full 2):
 PSYoungGen      total 12800K, used 1522K [0x00000000d5580000, 0x00000000d6c80000, 0x0000000100000000)
  eden space 11264K, 0% used [0x00000000d5580000,0x00000000d5580000,0x00000000d6080000)
  from space 1536K, 99% used [0x00000000d6200000,0x00000000d637ca08,0x00000000d6380000)
  to   space 6144K, 0% used [0x00000000d6680000,0x00000000d6680000,0x00000000d6c80000)
 ParOldGen       total 410112K, used 409830K [0x0000000080000000, 0x0000000099080000, 0x00000000d5580000)
  object space 410112K, 99% used [0x0000000080000000,0x0000000099039a58,0x0000000099080000)
 Metaspace       used 49760K, committed 50944K, reserved 1114112K
  class space    used 5329K, committed 5824K, reserved 1048576K
}
Event: 38.915 GC heap before
{Heap before GC invocations=242 (full 2):
 PSYoungGen      total 12800K, used 12786K [0x00000000d5580000, 0x00000000d6c80000, 0x0000000100000000)
  eden space 11264K, 100% used [0x00000000d5580000,0x00000000d6080000,0x00000000d6080000)
  from space 1536K, 99% used [0x00000000d6200000,0x00000000d637ca08,0x00000000d6380000)
  to   space 6144K, 0% used [0x00000000d6680000,0x00000000d6680000,0x00000000d6c80000)
 ParOldGen       total 410112K, used 409830K [0x0000000080000000, 0x0000000099080000, 0x00000000d5580000)
  object space 410112K, 99% used [0x0000000080000000,0x0000000099039a58,0x0000000099080000)
 Metaspace       used 49760K, committed 50944K, reserved 1114112K
  class space    used 5329K, committed 5824K, reserved 1048576K
}
Event: 38.919 GC heap after
{Heap after GC invocations=242 (full 2):
 PSYoungGen      total 14336K, used 2627K [0x00000000d5580000, 0x00000000d6980000, 0x0000000100000000)
  eden space 11264K, 0% used [0x00000000d5580000,0x00000000d5580000,0x00000000d6080000)
  from space 3072K, 85% used [0x00000000d6680000,0x00000000d6910c68,0x00000000d6980000)
  to   space 3584K, 0% used [0x00000000d6280000,0x00000000d6280000,0x00000000d6600000)
 ParOldGen       total 411136K, used 410934K [0x0000000080000000, 0x0000000099180000, 0x00000000d5580000)
  object space 411136K, 99% used [0x0000000080000000,0x000000009914da60,0x0000000099180000)
 Metaspace       used 49760K, committed 50944K, reserved 1114112K
  class space    used 5329K, committed 5824K, reserved 1048576K
}
Event: 38.967 GC heap before
{Heap before GC invocations=243 (full 2):
 PSYoungGen      total 14336K, used 13891K [0x00000000d5580000, 0x00000000d6980000, 0x0000000100000000)
  eden space 11264K, 100% used [0x00000000d5580000,0x00000000d6080000,0x00000000d6080000)
  from space 3072K, 85% used [0x00000000d6680000,0x00000000d6910c68,0x00000000d6980000)
  to   space 3584K, 0% used [0x00000000d6280000,0x00000000d6280000,0x00000000d6600000)
 ParOldGen       total 411136K, used 410934K [0x0000000080000000, 0x0000000099180000, 0x00000000d5580000)
  object space 411136K, 99% used [0x0000000080000000,0x000000009914da60,0x0000000099180000)
 Metaspace       used 49760K, committed 50944K, reserved 1114112K
  class space    used 5329K, committed 5824K, reserved 1048576K
}
Event: 38.971 GC heap after
{Heap after GC invocations=243 (full 2):
 PSYoungGen      total 13312K, used 1568K [0x00000000d5580000, 0x00000000d6700000, 0x0000000100000000)
  eden space 11264K, 0% used [0x00000000d5580000,0x00000000d5580000,0x00000000d6080000)
  from space 2048K, 76% used [0x00000000d6280000,0x00000000d6408000,0x00000000d6480000)
  to   space 2560K, 0% used [0x00000000d6480000,0x00000000d6480000,0x00000000d6700000)
 ParOldGen       total 413696K, used 413349K [0x0000000080000000, 0x0000000099400000, 0x00000000d5580000)
  object space 413696K, 99% used [0x0000000080000000,0x00000000993a9778,0x0000000099400000)
 Metaspace       used 49760K, committed 50944K, reserved 1114112K
  class space    used 5329K, committed 5824K, reserved 1048576K
}
Event: 39.018 GC heap before
{Heap before GC invocations=244 (full 2):
 PSYoungGen      total 13312K, used 12832K [0x00000000d5580000, 0x00000000d6700000, 0x0000000100000000)
  eden space 11264K, 100% used [0x00000000d5580000,0x00000000d6080000,0x00000000d6080000)
  from space 2048K, 76% used [0x00000000d6280000,0x00000000d6408000,0x00000000d6480000)
  to   space 2560K, 0% used [0x00000000d6480000,0x00000000d6480000,0x00000000d6700000)
 ParOldGen       total 413696K, used 413349K [0x0000000080000000, 0x0000000099400000, 0x00000000d5580000)
  object space 413696K, 99% used [0x0000000080000000,0x00000000993a9778,0x0000000099400000)
 Metaspace       used 49760K, committed 50944K, reserved 1114112K
  class space    used 5329K, committed 5824K, reserved 1048576K
}
Event: 39.022 GC heap after
{Heap after GC invocations=244 (full 2):
 PSYoungGen      total 13312K, used 1580K [0x00000000d5580000, 0x00000000d6680000, 0x0000000100000000)
  eden space 11264K, 0% used [0x00000000d5580000,0x00000000d5580000,0x00000000d6080000)
  from space 2048K, 77% used [0x00000000d6480000,0x00000000d660b008,0x00000000d6680000)
  to   space 2048K, 0% used [0x00000000d6280000,0x00000000d6280000,0x00000000d6480000)
 ParOldGen       total 415232K, used 414749K [0x0000000080000000, 0x0000000099580000, 0x00000000d5580000)
  object space 415232K, 99% used [0x0000000080000000,0x0000000099507778,0x0000000099580000)
 Metaspace       used 49760K, committed 50944K, reserved 1114112K
  class space    used 5329K, committed 5824K, reserved 1048576K
}
Event: 39.076 GC heap before
{Heap before GC invocations=245 (full 2):
 PSYoungGen      total 13312K, used 12844K [0x00000000d5580000, 0x00000000d6680000, 0x0000000100000000)
  eden space 11264K, 100% used [0x00000000d5580000,0x00000000d6080000,0x00000000d6080000)
  from space 2048K, 77% used [0x00000000d6480000,0x00000000d660b008,0x00000000d6680000)
  to   space 2048K, 0% used [0x00000000d6280000,0x00000000d6280000,0x00000000d6480000)
 ParOldGen       total 415232K, used 414749K [0x0000000080000000, 0x0000000099580000, 0x00000000d5580000)
  object space 415232K, 99% used [0x0000000080000000,0x0000000099507778,0x0000000099580000)
 Metaspace       used 49760K, committed 50944K, reserved 1114112K
  class space    used 5329K, committed 5824K, reserved 1048576K
}
Event: 39.079 GC heap after
{Heap after GC invocations=245 (full 2):
 PSYoungGen      total 12800K, used 1472K [0x00000000d5580000, 0x00000000d6500000, 0x0000000100000000)
  eden space 11264K, 0% used [0x00000000d5580000,0x00000000d5580000,0x00000000d6080000)
  from space 1536K, 95% used [0x00000000d6280000,0x00000000d63f0000,0x00000000d6400000)
  to   space 1024K, 0% used [0x00000000d6400000,0x00000000d6400000,0x00000000d6500000)
 ParOldGen       total 416256K, used 416185K [0x0000000080000000, 0x0000000099680000, 0x00000000d5580000)
  object space 416256K, 99% used [0x0000000080000000,0x000000009966e780,0x0000000099680000)
 Metaspace       used 49760K, committed 50944K, reserved 1114112K
  class space    used 5329K, committed 5824K, reserved 1048576K
}
Event: 39.126 GC heap before
{Heap before GC invocations=246 (full 2):
 PSYoungGen      total 12800K, used 12558K [0x00000000d5580000, 0x00000000d6500000, 0x0000000100000000)
  eden space 11264K, 98% used [0x00000000d5580000,0x00000000d6053af8,0x00000000d6080000)
  from space 1536K, 95% used [0x00000000d6280000,0x00000000d63f0000,0x00000000d6400000)
  to   space 1024K, 0% used [0x00000000d6400000,0x00000000d6400000,0x00000000d6500000)
 ParOldGen       total 416256K, used 416185K [0x0000000080000000, 0x0000000099680000, 0x00000000d5580000)
  object space 416256K, 99% used [0x0000000080000000,0x000000009966e780,0x0000000099680000)
 Metaspace       used 49760K, committed 50944K, reserved 1114112K
  class space    used 5329K, committed 5824K, reserved 1048576K
}
Event: 39.129 GC heap after
{Heap after GC invocations=246 (full 2):
 PSYoungGen      total 12288K, used 1024K [0x00000000d5580000, 0x00000000d6680000, 0x0000000100000000)
  eden space 11264K, 0% used [0x00000000d5580000,0x00000000d5580000,0x00000000d6080000)
  from space 1024K, 100% used [0x00000000d6400000,0x00000000d6500000,0x00000000d6500000)
  to   space 3072K, 0% used [0x00000000d6080000,0x00000000d6080000,0x00000000d6380000)
 ParOldGen       total 418304K, used 417849K [0x0000000080000000, 0x0000000099880000, 0x00000000d5580000)
  object space 418304K, 99% used [0x0000000080000000,0x000000009980e780,0x0000000099880000)
 Metaspace       used 49760K, committed 50944K, reserved 1114112K
  class space    used 5329K, committed 5824K, reserved 1048576K
}
Event: 39.260 GC heap before
{Heap before GC invocations=247 (full 2):
 PSYoungGen      total 12288K, used 12288K [0x00000000d5580000, 0x00000000d6680000, 0x0000000100000000)
  eden space 11264K, 100% used [0x00000000d5580000,0x00000000d6080000,0x00000000d6080000)
  from space 1024K, 100% used [0x00000000d6400000,0x00000000d6500000,0x00000000d6500000)
  to   space 3072K, 0% used [0x00000000d6080000,0x00000000d6080000,0x00000000d6380000)
 ParOldGen       total 418304K, used 417849K [0x0000000080000000, 0x0000000099880000, 0x00000000d5580000)
  object space 418304K, 99% used [0x0000000080000000,0x000000009980e780,0x0000000099880000)
 Metaspace       used 49761K, committed 50944K, reserved 1114112K
  class space    used 5329K, committed 5824K, reserved 1048576K
}
Event: 39.263 GC heap after
{Heap after GC invocations=247 (full 2):
 PSYoungGen      total 12800K, used 1240K [0x00000000d5580000, 0x00000000d6480000, 0x0000000100000000)
  eden space 11264K, 0% used [0x00000000d5580000,0x00000000d5580000,0x00000000d6080000)
  from space 1536K, 80% used [0x00000000d6080000,0x00000000d61b6008,0x00000000d6200000)
  to   space 2048K, 0% used [0x00000000d6280000,0x00000000d6280000,0x00000000d6480000)
 ParOldGen       total 419328K, used 418840K [0x0000000080000000, 0x0000000099980000, 0x00000000d5580000)
  object space 419328K, 99% used [0x0000000080000000,0x0000000099906288,0x0000000099980000)
 Metaspace       used 49761K, committed 50944K, reserved 1114112K
  class space    used 5329K, committed 5824K, reserved 1048576K
}
Event: 39.373 GC heap before
{Heap before GC invocations=248 (full 2):
 PSYoungGen      total 12800K, used 12494K [0x00000000d5580000, 0x00000000d6480000, 0x0000000100000000)
  eden space 11264K, 99% used [0x00000000d5580000,0x00000000d607d920,0x00000000d6080000)
  from space 1536K, 80% used [0x00000000d6080000,0x00000000d61b6008,0x00000000d6200000)
  to   space 2048K, 0% used [0x00000000d6280000,0x00000000d6280000,0x00000000d6480000)
 ParOldGen       total 419328K, used 418840K [0x0000000080000000, 0x0000000099980000, 0x00000000d5580000)
  object space 419328K, 99% used [0x0000000080000000,0x0000000099906288,0x0000000099980000)
 Metaspace       used 49761K, committed 50944K, reserved 1114112K
  class space    used 5329K, committed 5824K, reserved 1048576K
}
Event: 39.377 GC heap after
{Heap after GC invocations=248 (full 2):
 PSYoungGen      total 12288K, used 987K [0x00000000d5580000, 0x00000000d6380000, 0x0000000100000000)
  eden space 11264K, 0% used [0x00000000d5580000,0x00000000d5580000,0x00000000d6080000)
  from space 1024K, 96% used [0x00000000d6280000,0x00000000d6376c08,0x00000000d6380000)
  to   space 1536K, 0% used [0x00000000d6080000,0x00000000d6080000,0x00000000d6200000)
 ParOldGen       total 419840K, used 419632K [0x0000000080000000, 0x0000000099a00000, 0x00000000d5580000)
  object space 419840K, 99% used [0x0000000080000000,0x00000000999cc290,0x0000000099a00000)
 Metaspace       used 49761K, committed 50944K, reserved 1114112K
  class space    used 5329K, committed 5824K, reserved 1048576K
}
Event: 39.508 GC heap before
{Heap before GC invocations=249 (full 2):
 PSYoungGen      total 12288K, used 12251K [0x00000000d5580000, 0x00000000d6380000, 0x0000000100000000)
  eden space 11264K, 100% used [0x00000000d5580000,0x00000000d6080000,0x00000000d6080000)
  from space 1024K, 96% used [0x00000000d6280000,0x00000000d6376c08,0x00000000d6380000)
  to   space 1536K, 0% used [0x00000000d6080000,0x00000000d6080000,0x00000000d6200000)
 ParOldGen       total 419840K, used 419632K [0x0000000080000000, 0x0000000099a00000, 0x00000000d5580000)
  object space 419840K, 99% used [0x0000000080000000,0x00000000999cc290,0x0000000099a00000)
 Metaspace       used 49765K, committed 50944K, reserved 1114112K
  class space    used 5329K, committed 5824K, reserved 1048576K
}
Event: 39.511 GC heap after
{Heap after GC invocations=249 (full 2):
 PSYoungGen      total 12800K, used 864K [0x00000000d5580000, 0x00000000d6300000, 0x0000000100000000)
  eden space 11264K, 0% used [0x00000000d5580000,0x00000000d5580000,0x00000000d6080000)
  from space 1536K, 56% used [0x00000000d6080000,0x00000000d6158000,0x00000000d6200000)
  to   space 1024K, 0% used [0x00000000d6200000,0x00000000d6200000,0x00000000d6300000)
 ParOldGen       total 420352K, used 419848K [0x0000000080000000, 0x0000000099a80000, 0x00000000d5580000)
  object space 420352K, 99% used [0x0000000080000000,0x0000000099a02290,0x0000000099a80000)
 Metaspace       used 49765K, committed 50944K, reserved 1114112K
  class space    used 5329K, committed 5824K, reserved 1048576K
}
Event: 39.627 GC heap before
{Heap before GC invocations=250 (full 2):
 PSYoungGen      total 12800K, used 12128K [0x00000000d5580000, 0x00000000d6300000, 0x0000000100000000)
  eden space 11264K, 100% used [0x00000000d5580000,0x00000000d6080000,0x00000000d6080000)
  from space 1536K, 56% used [0x00000000d6080000,0x00000000d6158000,0x00000000d6200000)
  to   space 1024K, 0% used [0x00000000d6200000,0x00000000d6200000,0x00000000d6300000)
 ParOldGen       total 420352K, used 419848K [0x0000000080000000, 0x0000000099a80000, 0x00000000d5580000)
  object space 420352K, 99% used [0x0000000080000000,0x0000000099a02290,0x0000000099a80000)
 Metaspace       used 49765K, committed 50944K, reserved 1114112K
  class space    used 5329K, committed 5824K, reserved 1048576K
}
Event: 39.629 GC heap after
{Heap after GC invocations=250 (full 2):
 PSYoungGen      total 12288K, used 556K [0x00000000d5580000, 0x00000000d6300000, 0x0000000100000000)
  eden space 11264K, 0% used [0x00000000d5580000,0x00000000d5580000,0x00000000d6080000)
  from space 1024K, 54% used [0x00000000d6200000,0x00000000d628b138,0x00000000d6300000)
  to   space 1024K, 0% used [0x00000000d6100000,0x00000000d6100000,0x00000000d6200000)
 ParOldGen       total 420352K, used 420064K [0x0000000080000000, 0x0000000099a80000, 0x00000000d5580000)
  object space 420352K, 99% used [0x0000000080000000,0x0000000099a38290,0x0000000099a80000)
 Metaspace       used 49765K, committed 50944K, reserved 1114112K
  class space    used 5329K, committed 5824K, reserved 1048576K
}
Event: 39.670 GC heap before
{Heap before GC invocations=251 (full 2):
 PSYoungGen      total 12288K, used 11820K [0x00000000d5580000, 0x00000000d6300000, 0x0000000100000000)
  eden space 11264K, 100% used [0x00000000d5580000,0x00000000d6080000,0x00000000d6080000)
  from space 1024K, 54% used [0x00000000d6200000,0x00000000d628b138,0x00000000d6300000)
  to   space 1024K, 0% used [0x00000000d6100000,0x00000000d6100000,0x00000000d6200000)
 ParOldGen       total 420352K, used 420064K [0x0000000080000000, 0x0000000099a80000, 0x00000000d5580000)
  object space 420352K, 99% used [0x0000000080000000,0x0000000099a38290,0x0000000099a80000)
 Metaspace       used 49765K, committed 50944K, reserved 1114112K
  class space    used 5329K, committed 5824K, reserved 1048576K
}

